[2m2019-05-20 08:37:53.916[0;39m [32m INFO[0;39m [35m22546[0;39m [2m--[0;39m [2m[  restartedMain][0;39m [36mcom.dimple.DimpleBlogApplication        [0;39m [2m:[0;39m Starting DimpleBlogApplication on macdeMacBook.local with PID 22546 (/Users/mac/Desktop/DimpleBlog/target/classes started by mac in /Users/mac/Desktop/DimpleBlog)
[2m2019-05-20 08:37:53.927[0;39m [32m INFO[0;39m [35m22546[0;39m [2m--[0;39m [2m[  restartedMain][0;39m [36mcom.dimple.DimpleBlogApplication        [0;39m [2m:[0;39m The following profiles are active: druid
[2m2019-05-20 08:37:57.861[0;39m [32m INFO[0;39m [35m22546[0;39m [2m--[0;39m [2m[  restartedMain][0;39m [36mo.a.shiro.cache.ehcache.EhCacheManager  [0;39m [2m:[0;39m Cache with name 'com.dimple.framework.shiro.realm.UserRealm.authorizationCache' does not yet exist.  Creating now.
[2m2019-05-20 08:37:57.865[0;39m [32m INFO[0;39m [35m22546[0;39m [2m--[0;39m [2m[  restartedMain][0;39m [36mo.a.shiro.cache.ehcache.EhCacheManager  [0;39m [2m:[0;39m Added EhCache named [com.dimple.framework.shiro.realm.UserRealm.authorizationCache]
[2m2019-05-20 08:37:59.755[0;39m [32m INFO[0;39m [35m22546[0;39m [2m--[0;39m [2m[  restartedMain][0;39m [36mo.a.shiro.cache.ehcache.EhCacheManager  [0;39m [2m:[0;39m Using existing EHCache named [loginRecordCache]
[2m2019-05-20 08:38:01.171[0;39m [32m INFO[0;39m [35m22546[0;39m [2m--[0;39m [2m[  restartedMain][0;39m [36mo.a.coyote.http11.Http11NioProtocol     [0;39m [2m:[0;39m Initializing ProtocolHandler ["http-nio-8080"]
[2m2019-05-20 08:38:01.186[0;39m [32m INFO[0;39m [35m22546[0;39m [2m--[0;39m [2m[  restartedMain][0;39m [36mo.apache.catalina.core.StandardService  [0;39m [2m:[0;39m Starting service [Tomcat]
[2m2019-05-20 08:38:01.186[0;39m [32m INFO[0;39m [35m22546[0;39m [2m--[0;39m [2m[  restartedMain][0;39m [36morg.apache.catalina.core.StandardEngine [0;39m [2m:[0;39m Starting Servlet engine: [Apache Tomcat/9.0.16]
[2m2019-05-20 08:38:01.196[0;39m [32m INFO[0;39m [35m22546[0;39m [2m--[0;39m [2m[  restartedMain][0;39m [36mo.a.catalina.core.AprLifecycleListener  [0;39m [2m:[0;39m The APR based Apache Tomcat Native library which allows optimal performance in production environments was not found on the java.library.path: [/Users/mac/Library/Java/Extensions:/Library/Java/Extensions:/Network/Library/Java/Extensions:/System/Library/Java/Extensions:/usr/lib/java:.]
[2m2019-05-20 08:38:01.371[0;39m [32m INFO[0;39m [35m22546[0;39m [2m--[0;39m [2m[  restartedMain][0;39m [36mo.a.c.c.C.[Tomcat].[localhost].[/]      [0;39m [2m:[0;39m Initializing Spring embedded WebApplicationContext
[2m2019-05-20 08:38:02.994[0;39m [32m INFO[0;39m [35m22546[0;39m [2m--[0;39m [2m[  restartedMain][0;39m [36mcom.alibaba.druid.pool.DruidDataSource  [0;39m [2m:[0;39m {dataSource-1} inited
[2m2019-05-20 08:38:03.093[0;39m [32m INFO[0;39m [35m22546[0;39m [2m--[0;39m [2m[  restartedMain][0;39m [36morg.quartz.impl.StdSchedulerFactory     [0;39m [2m:[0;39m Using default implementation for ThreadExecutor
[2m2019-05-20 08:38:03.121[0;39m [32m INFO[0;39m [35m22546[0;39m [2m--[0;39m [2m[  restartedMain][0;39m [36morg.quartz.core.SchedulerSignalerImpl   [0;39m [2m:[0;39m Initialized Scheduler Signaller of type: class org.quartz.core.SchedulerSignalerImpl
[2m2019-05-20 08:38:03.121[0;39m [32m INFO[0;39m [35m22546[0;39m [2m--[0;39m [2m[  restartedMain][0;39m [36morg.quartz.core.QuartzScheduler         [0;39m [2m:[0;39m Quartz Scheduler v.2.3.0 created.
[2m2019-05-20 08:38:03.133[0;39m [32m INFO[0;39m [35m22546[0;39m [2m--[0;39m [2m[  restartedMain][0;39m [36morg.quartz.core.QuartzScheduler         [0;39m [2m:[0;39m Scheduler meta-data: Quartz Scheduler (v2.3.0) 'DimpleScheduler' with instanceId 'macdeMacBook.local1558312683098'
  Scheduler class: 'org.quartz.core.QuartzScheduler' - running locally.
  NOT STARTED.
  Currently in standby mode.
  Number of jobs executed: 0
  Using thread pool 'org.quartz.simpl.SimpleThreadPool' - with 20 threads.
  Using job-store 'org.springframework.scheduling.quartz.LocalDataSourceJobStore' - which supports persistence. and is clustered.

[2m2019-05-20 08:38:03.134[0;39m [32m INFO[0;39m [35m22546[0;39m [2m--[0;39m [2m[  restartedMain][0;39m [36morg.quartz.impl.StdSchedulerFactory     [0;39m [2m:[0;39m Quartz scheduler 'DimpleScheduler' initialized from an externally provided properties instance.
[2m2019-05-20 08:38:03.134[0;39m [32m INFO[0;39m [35m22546[0;39m [2m--[0;39m [2m[  restartedMain][0;39m [36morg.quartz.impl.StdSchedulerFactory     [0;39m [2m:[0;39m Quartz scheduler version: 2.3.0
[2m2019-05-20 08:38:03.137[0;39m [32m INFO[0;39m [35m22546[0;39m [2m--[0;39m [2m[  restartedMain][0;39m [36morg.quartz.core.QuartzScheduler         [0;39m [2m:[0;39m JobFactory set to: org.springframework.scheduling.quartz.AdaptableJobFactory@6d279fe5
[2m2019-05-20 08:38:05.422[0;39m [32m INFO[0;39m [35m22546[0;39m [2m--[0;39m [2m[  restartedMain][0;39m [36mpertySourcedRequestMappingHandlerMapping[0;39m [2m:[0;39m Mapped URL path [/v2/api-docs] onto method [public org.springframework.http.ResponseEntity<springfox.documentation.spring.web.json.Json> springfox.documentation.swagger2.web.Swagger2Controller.getDocumentation(java.lang.String,javax.servlet.http.HttpServletRequest)]
[2m2019-05-20 08:38:07.596[0;39m [32m INFO[0;39m [35m22546[0;39m [2m--[0;39m [2m[  restartedMain][0;39m [36md.s.w.p.DocumentationPluginsBootstrapper[0;39m [2m:[0;39m Context refreshed
[2m2019-05-20 08:38:07.632[0;39m [32m INFO[0;39m [35m22546[0;39m [2m--[0;39m [2m[  restartedMain][0;39m [36md.s.w.p.DocumentationPluginsBootstrapper[0;39m [2m:[0;39m Found 1 custom documentation plugin(s)
[2m2019-05-20 08:38:07.709[0;39m [32m INFO[0;39m [35m22546[0;39m [2m--[0;39m [2m[  restartedMain][0;39m [36ms.d.s.w.s.ApiListingReferenceScanner    [0;39m [2m:[0;39m Scanning for api listing references
[2m2019-05-20 08:38:07.751[0;39m [32m INFO[0;39m [35m22546[0;39m [2m--[0;39m [2m[  restartedMain][0;39m [36mo.a.coyote.http11.Http11NioProtocol     [0;39m [2m:[0;39m Starting ProtocolHandler ["http-nio-8080"]
[2m2019-05-20 08:38:07.807[0;39m [32m INFO[0;39m [35m22546[0;39m [2m--[0;39m [2m[  restartedMain][0;39m [36mcom.dimple.DimpleBlogApplication        [0;39m [2m:[0;39m Started DimpleBlogApplication in 15.071 seconds (JVM running for 17.657)
[2m2019-05-20 08:38:08.770[0;39m [32m INFO[0;39m [35m22546[0;39m [2m--[0;39m [2m[impleScheduler]][0;39m [36morg.quartz.core.QuartzScheduler         [0;39m [2m:[0;39m Scheduler DimpleScheduler_$_macdeMacBook.local1558312683098 started.
[2m2019-05-20 08:39:50.128[0;39m [32m INFO[0;39m [35m22546[0;39m [2m--[0;39m [2m[      Thread-42][0;39m [36morg.quartz.core.QuartzScheduler         [0;39m [2m:[0;39m Scheduler DimpleScheduler_$_macdeMacBook.local1558312683098 paused.
[2m2019-05-20 08:39:50.137[0;39m [32m INFO[0;39m [35m22546[0;39m [2m--[0;39m [2m[      Thread-42][0;39m [36morg.quartz.core.QuartzScheduler         [0;39m [2m:[0;39m Scheduler DimpleScheduler_$_macdeMacBook.local1558312683098 shutting down.
[2m2019-05-20 08:39:50.137[0;39m [32m INFO[0;39m [35m22546[0;39m [2m--[0;39m [2m[      Thread-42][0;39m [36morg.quartz.core.QuartzScheduler         [0;39m [2m:[0;39m Scheduler DimpleScheduler_$_macdeMacBook.local1558312683098 paused.
[2m2019-05-20 08:39:50.139[0;39m [32m INFO[0;39m [35m22546[0;39m [2m--[0;39m [2m[      Thread-42][0;39m [36morg.quartz.core.QuartzScheduler         [0;39m [2m:[0;39m Scheduler DimpleScheduler_$_macdeMacBook.local1558312683098 shutdown complete.
[2m2019-05-20 08:39:50.140[0;39m [32m INFO[0;39m [35m22546[0;39m [2m--[0;39m [2m[      Thread-42][0;39m [36mc.d.framework.manager.ShutdownManager   [0;39m [2m:[0;39m ====关闭后台任务任务线程池====
[2m2019-05-20 08:39:50.190[0;39m [32m INFO[0;39m [35m22546[0;39m [2m--[0;39m [2m[      Thread-42][0;39m [36mcom.alibaba.druid.pool.DruidDataSource  [0;39m [2m:[0;39m {dataSource-1} closed
