[2m2019-05-14 00:18:22.635[0;39m [32m INFO[0;39m [35m1361[0;39m [2m--[0;39m [2m[schedule-pool-2][0;39m [36mc.d.f.s.w.s.OnlineWebSessionManager     [0;39m [2m:[0;39m invalidation sessions...
[2m2019-05-14 00:18:22.638[0;39m [32m INFO[0;39m [35m1361[0;39m [2m--[0;39m [2m[schedule-pool-2][0;39m [36mc.d.f.s.w.s.OnlineWebSessionManager     [0;39m [2m:[0;39m Finished invalidation session. No sessions were stopped.
[2m2019-05-14 02:19:48.658[0;39m [32m INFO[0;39m [35m1361[0;39m [2m--[0;39m [2m[chedule-pool-24][0;39m [36mc.d.f.s.w.s.OnlineWebSessionManager     [0;39m [2m:[0;39m invalidation sessions...
[2m2019-05-14 02:19:48.660[0;39m [32m INFO[0;39m [35m1361[0;39m [2m--[0;39m [2m[chedule-pool-24][0;39m [36mc.d.f.s.w.s.OnlineWebSessionManager     [0;39m [2m:[0;39m Finished invalidation session. No sessions were stopped.
[2m2019-05-14 04:11:58.016[0;39m [32m INFO[0;39m [35m1361[0;39m [2m--[0;39m [2m[schedule-pool-8][0;39m [36mc.d.f.s.w.s.OnlineWebSessionManager     [0;39m [2m:[0;39m invalidation sessions...
[2m2019-05-14 04:11:58.019[0;39m [32m INFO[0;39m [35m1361[0;39m [2m--[0;39m [2m[schedule-pool-8][0;39m [36mc.d.f.s.w.s.OnlineWebSessionManager     [0;39m [2m:[0;39m Finished invalidation session. No sessions were stopped.
[2m2019-05-14 06:13:23.127[0;39m [32m INFO[0;39m [35m1361[0;39m [2m--[0;39m [2m[chedule-pool-12][0;39m [36mc.d.f.s.w.s.OnlineWebSessionManager     [0;39m [2m:[0;39m invalidation sessions...
[2m2019-05-14 06:13:23.129[0;39m [32m INFO[0;39m [35m1361[0;39m [2m--[0;39m [2m[chedule-pool-12][0;39m [36mc.d.f.s.w.s.OnlineWebSessionManager     [0;39m [2m:[0;39m Finished invalidation session. No sessions were stopped.
[2m2019-05-14 06:55:59.898[0;39m [32m INFO[0;39m [35m1361[0;39m [2m--[0;39m [2m[chedule-pool-14][0;39m [36mc.d.f.s.w.s.OnlineWebSessionManager     [0;39m [2m:[0;39m invalidation sessions...
[2m2019-05-14 06:55:59.901[0;39m [32m INFO[0;39m [35m1361[0;39m [2m--[0;39m [2m[chedule-pool-14][0;39m [36mc.d.f.s.w.s.OnlineWebSessionManager     [0;39m [2m:[0;39m Finished invalidation session. No sessions were stopped.
[2m2019-05-14 07:06:00.378[0;39m [32m INFO[0;39m [35m1361[0;39m [2m--[0;39m [2m[schedule-pool-5][0;39m [36mc.d.f.s.w.s.OnlineWebSessionManager     [0;39m [2m:[0;39m invalidation sessions...
[2m2019-05-14 07:06:00.380[0;39m [32m INFO[0;39m [35m1361[0;39m [2m--[0;39m [2m[schedule-pool-5][0;39m [36mc.d.f.s.w.s.OnlineWebSessionManager     [0;39m [2m:[0;39m Finished invalidation session. No sessions were stopped.
[2m2019-05-14 07:16:00.374[0;39m [32m INFO[0;39m [35m1361[0;39m [2m--[0;39m [2m[chedule-pool-11][0;39m [36mc.d.f.s.w.s.OnlineWebSessionManager     [0;39m [2m:[0;39m invalidation sessions...
[2m2019-05-14 07:16:00.375[0;39m [32m INFO[0;39m [35m1361[0;39m [2m--[0;39m [2m[chedule-pool-11][0;39m [36mc.d.f.s.w.s.OnlineWebSessionManager     [0;39m [2m:[0;39m Finished invalidation session. No sessions were stopped.
[2m2019-05-14 07:26:00.385[0;39m [32m INFO[0;39m [35m1361[0;39m [2m--[0;39m [2m[schedule-pool-3][0;39m [36mc.d.f.s.w.s.OnlineWebSessionManager     [0;39m [2m:[0;39m invalidation sessions...
[2m2019-05-14 07:26:00.387[0;39m [32m INFO[0;39m [35m1361[0;39m [2m--[0;39m [2m[schedule-pool-3][0;39m [36mc.d.f.s.w.s.OnlineWebSessionManager     [0;39m [2m:[0;39m Finished invalidation session. No sessions were stopped.
[2m2019-05-14 07:36:00.388[0;39m [32m INFO[0;39m [35m1361[0;39m [2m--[0;39m [2m[schedule-pool-6][0;39m [36mc.d.f.s.w.s.OnlineWebSessionManager     [0;39m [2m:[0;39m invalidation sessions...
[2m2019-05-14 07:36:00.389[0;39m [32m INFO[0;39m [35m1361[0;39m [2m--[0;39m [2m[schedule-pool-6][0;39m [36mc.d.f.s.w.s.OnlineWebSessionManager     [0;39m [2m:[0;39m Finished invalidation session. No sessions were stopped.
[2m2019-05-14 08:41:44.285[0;39m [32m INFO[0;39m [35m1361[0;39m [2m--[0;39m [2m[chedule-pool-16][0;39m [36mc.d.f.s.w.s.OnlineWebSessionManager     [0;39m [2m:[0;39m invalidation sessions...
[2m2019-05-14 08:41:44.287[0;39m [32m INFO[0;39m [35m1361[0;39m [2m--[0;39m [2m[chedule-pool-16][0;39m [36mc.d.f.s.w.s.OnlineWebSessionManager     [0;39m [2m:[0;39m Finished invalidation session. No sessions were stopped.
[2m2019-05-14 08:51:44.074[0;39m [32m INFO[0;39m [35m1361[0;39m [2m--[0;39m [2m[schedule-pool-1][0;39m [36mc.d.f.s.w.s.OnlineWebSessionManager     [0;39m [2m:[0;39m invalidation sessions...
[2m2019-05-14 08:51:44.078[0;39m [32m INFO[0;39m [35m1361[0;39m [2m--[0;39m [2m[schedule-pool-1][0;39m [36mc.d.f.s.w.s.OnlineWebSessionManager     [0;39m [2m:[0;39m Finished invalidation session. No sessions were stopped.
[2m2019-05-14 08:55:37.368[0;39m [32m INFO[0;39m [35m1361[0;39m [2m--[0;39m [2m[      Thread-37][0;39m [36morg.quartz.core.QuartzScheduler         [0;39m [2m:[0;39m Scheduler DimpleScheduler_$_macdeMacBook-44c71557632930975 paused.
[2m2019-05-14 08:55:37.396[0;39m [32m INFO[0;39m [35m1361[0;39m [2m--[0;39m [2m[      Thread-37][0;39m [36morg.quartz.core.QuartzScheduler         [0;39m [2m:[0;39m Scheduler DimpleScheduler_$_macdeMacBook-44c71557632930975 shutting down.
[2m2019-05-14 08:55:37.396[0;39m [32m INFO[0;39m [35m1361[0;39m [2m--[0;39m [2m[      Thread-37][0;39m [36morg.quartz.core.QuartzScheduler         [0;39m [2m:[0;39m Scheduler DimpleScheduler_$_macdeMacBook-44c71557632930975 paused.
[2m2019-05-14 08:55:37.401[0;39m [32m INFO[0;39m [35m1361[0;39m [2m--[0;39m [2m[      Thread-37][0;39m [36morg.quartz.core.QuartzScheduler         [0;39m [2m:[0;39m Scheduler DimpleScheduler_$_macdeMacBook-44c71557632930975 shutdown complete.
[2m2019-05-14 08:55:37.402[0;39m [32m INFO[0;39m [35m1361[0;39m [2m--[0;39m [2m[      Thread-37][0;39m [36mc.d.framework.manager.ShutdownManager   [0;39m [2m:[0;39m ====关闭会话验证任务====
[2m2019-05-14 08:55:37.428[0;39m [32m INFO[0;39m [35m1361[0;39m [2m--[0;39m [2m[      Thread-37][0;39m [36mc.d.framework.manager.ShutdownManager   [0;39m [2m:[0;39m ====关闭后台任务任务线程池====
[2m2019-05-14 08:55:38.619[0;39m [32m INFO[0;39m [35m1361[0;39m [2m--[0;39m [2m[      Thread-37][0;39m [36mcom.alibaba.druid.pool.DruidDataSource  [0;39m [2m:[0;39m {dataSource-1} closed
