[2m2019-05-13 15:29:21.231[0;39m [32m INFO[0;39m [35m1361[0;39m [2m--[0;39m [2m[chedule-pool-17][0;39m [36mc.d.f.s.w.s.OnlineWebSessionManager     [0;39m [2m:[0;39m invalidation sessions...
[2m2019-05-13 15:29:21.323[0;39m [32m INFO[0;39m [35m1361[0;39m [2m--[0;39m [2m[chedule-pool-17][0;39m [36mc.d.f.s.w.s.OnlineWebSessionManager     [0;39m [2m:[0;39m Finished invalidation session. [1] sessions were stopped.
[2m2019-05-13 15:39:21.229[0;39m [32m INFO[0;39m [35m1361[0;39m [2m--[0;39m [2m[schedule-pool-7][0;39m [36mc.d.f.s.w.s.OnlineWebSessionManager     [0;39m [2m:[0;39m invalidation sessions...
[2m2019-05-13 15:39:21.234[0;39m [32m INFO[0;39m [35m1361[0;39m [2m--[0;39m [2m[schedule-pool-7][0;39m [36mc.d.f.s.w.s.OnlineWebSessionManager     [0;39m [2m:[0;39m Finished invalidation session. No sessions were stopped.
[2m2019-05-13 17:32:51.442[0;39m [32m INFO[0;39m [35m1361[0;39m [2m--[0;39m [2m[chedule-pool-18][0;39m [36mc.d.f.s.w.s.OnlineWebSessionManager     [0;39m [2m:[0;39m invalidation sessions...
[2m2019-05-13 17:32:51.444[0;39m [32m INFO[0;39m [35m1361[0;39m [2m--[0;39m [2m[chedule-pool-18][0;39m [36mc.d.f.s.w.s.OnlineWebSessionManager     [0;39m [2m:[0;39m Finished invalidation session. No sessions were stopped.
[2m2019-05-13 18:04:26.991[0;39m [32m INFO[0;39m [35m1361[0;39m [2m--[0;39m [2m[schedule-pool-4][0;39m [36mc.d.f.s.w.s.OnlineWebSessionManager     [0;39m [2m:[0;39m invalidation sessions...
[2m2019-05-13 18:04:26.993[0;39m [32m INFO[0;39m [35m1361[0;39m [2m--[0;39m [2m[schedule-pool-4][0;39m [36mc.d.f.s.w.s.OnlineWebSessionManager     [0;39m [2m:[0;39m Finished invalidation session. No sessions were stopped.
[2m2019-05-13 18:14:26.985[0;39m [32m INFO[0;39m [35m1361[0;39m [2m--[0;39m [2m[chedule-pool-19][0;39m [36mc.d.f.s.w.s.OnlineWebSessionManager     [0;39m [2m:[0;39m invalidation sessions...
[2m2019-05-13 18:14:26.987[0;39m [32m INFO[0;39m [35m1361[0;39m [2m--[0;39m [2m[chedule-pool-19][0;39m [36mc.d.f.s.w.s.OnlineWebSessionManager     [0;39m [2m:[0;39m Finished invalidation session. No sessions were stopped.
[2m2019-05-13 18:24:26.987[0;39m [32m INFO[0;39m [35m1361[0;39m [2m--[0;39m [2m[chedule-pool-13][0;39m [36mc.d.f.s.w.s.OnlineWebSessionManager     [0;39m [2m:[0;39m invalidation sessions...
[2m2019-05-13 18:24:26.989[0;39m [32m INFO[0;39m [35m1361[0;39m [2m--[0;39m [2m[chedule-pool-13][0;39m [36mc.d.f.s.w.s.OnlineWebSessionManager     [0;39m [2m:[0;39m Finished invalidation session. No sessions were stopped.
[2m2019-05-13 19:02:18.357[0;39m [32m INFO[0;39m [35m1361[0;39m [2m--[0;39m [2m[chedule-pool-20][0;39m [36mc.d.f.s.w.s.OnlineWebSessionManager     [0;39m [2m:[0;39m invalidation sessions...
[2m2019-05-13 19:02:18.359[0;39m [32m INFO[0;39m [35m1361[0;39m [2m--[0;39m [2m[chedule-pool-20][0;39m [36mc.d.f.s.w.s.OnlineWebSessionManager     [0;39m [2m:[0;39m Finished invalidation session. No sessions were stopped.
[2m2019-05-13 21:17:40.675[0;39m [32m INFO[0;39m [35m1361[0;39m [2m--[0;39m [2m[schedule-pool-9][0;39m [36mc.d.f.s.w.s.OnlineWebSessionManager     [0;39m [2m:[0;39m invalidation sessions...
[2m2019-05-13 21:17:40.679[0;39m [32m INFO[0;39m [35m1361[0;39m [2m--[0;39m [2m[schedule-pool-9][0;39m [36mc.d.f.s.w.s.OnlineWebSessionManager     [0;39m [2m:[0;39m Finished invalidation session. No sessions were stopped.
[2m2019-05-13 21:27:40.670[0;39m [32m INFO[0;39m [35m1361[0;39m [2m--[0;39m [2m[chedule-pool-21][0;39m [36mc.d.f.s.w.s.OnlineWebSessionManager     [0;39m [2m:[0;39m invalidation sessions...
[2m2019-05-13 21:27:40.671[0;39m [32m INFO[0;39m [35m1361[0;39m [2m--[0;39m [2m[chedule-pool-21][0;39m [36mc.d.f.s.w.s.OnlineWebSessionManager     [0;39m [2m:[0;39m Finished invalidation session. No sessions were stopped.
[2m2019-05-13 21:37:40.681[0;39m [32m INFO[0;39m [35m1361[0;39m [2m--[0;39m [2m[chedule-pool-10][0;39m [36mc.d.f.s.w.s.OnlineWebSessionManager     [0;39m [2m:[0;39m invalidation sessions...
[2m2019-05-13 21:37:40.683[0;39m [32m INFO[0;39m [35m1361[0;39m [2m--[0;39m [2m[chedule-pool-10][0;39m [36mc.d.f.s.w.s.OnlineWebSessionManager     [0;39m [2m:[0;39m Finished invalidation session. No sessions were stopped.
[2m2019-05-13 21:47:40.675[0;39m [32m INFO[0;39m [35m1361[0;39m [2m--[0;39m [2m[chedule-pool-22][0;39m [36mc.d.f.s.w.s.OnlineWebSessionManager     [0;39m [2m:[0;39m invalidation sessions...
[2m2019-05-13 21:47:40.677[0;39m [32m INFO[0;39m [35m1361[0;39m [2m--[0;39m [2m[chedule-pool-22][0;39m [36mc.d.f.s.w.s.OnlineWebSessionManager     [0;39m [2m:[0;39m Finished invalidation session. No sessions were stopped.
[2m2019-05-13 21:57:40.678[0;39m [32m INFO[0;39m [35m1361[0;39m [2m--[0;39m [2m[chedule-pool-15][0;39m [36mc.d.f.s.w.s.OnlineWebSessionManager     [0;39m [2m:[0;39m invalidation sessions...
[2m2019-05-13 21:57:40.680[0;39m [32m INFO[0;39m [35m1361[0;39m [2m--[0;39m [2m[chedule-pool-15][0;39m [36mc.d.f.s.w.s.OnlineWebSessionManager     [0;39m [2m:[0;39m Finished invalidation session. No sessions were stopped.
[2m2019-05-13 22:26:14.887[0;39m [32m INFO[0;39m [35m1361[0;39m [2m--[0;39m [2m[chedule-pool-23][0;39m [36mc.d.f.s.w.s.OnlineWebSessionManager     [0;39m [2m:[0;39m invalidation sessions...
[2m2019-05-13 22:26:14.889[0;39m [32m INFO[0;39m [35m1361[0;39m [2m--[0;39m [2m[chedule-pool-23][0;39m [36mc.d.f.s.w.s.OnlineWebSessionManager     [0;39m [2m:[0;39m Finished invalidation session. No sessions were stopped.
